<?xml version="1.0" encoding="UTF-8"?>
<!-- Generated by org.testng.reporters.JUnitReportReporter -->
<testsuite hostname="DESKTOP-C9JH5PO" failures="0" tests="3" name="com.pratian.automation.testclasses.AddInvalidInternal" time="49.439" errors="0" timestamp="2021-10-17T00:01:37 IST" skipped="0">
  <testcase classname="com.pratian.automation.testclasses.AddInvalidInternal" name="Login" time="6.734"/>
  <system-out/>
  <testcase classname="com.pratian.automation.testclasses.AddInvalidInternal" name="vadlidateClientPage" time="32.195"/>
  <system-out/>
  <testcase classname="com.pratian.automation.testclasses.AddInvalidInternal" name="addInvalid" time="10.510"/>
  <system-out/>
</testsuite> <!-- com.pratian.automation.testclasses.AddInvalidInternal -->
