<?xml version="1.0" encoding="UTF-8"?>
<!-- Generated by org.testng.reporters.JUnitReportReporter -->
<testsuite hostname="DESKTOP-C9JH5PO" failures="0" tests="3" name="com.pratian.automation.testclasses.Tc040" time="43.542" errors="0" timestamp="2021-10-17T00:01:37 IST" skipped="0">
  <testcase classname="com.pratian.automation.testclasses.Tc040" name="Login" time="6.645"/>
  <system-out/>
  <testcase classname="com.pratian.automation.testclasses.Tc040" name="vadlidateClientPage" time="29.699"/>
  <system-out/>
  <testcase classname="com.pratian.automation.testclasses.Tc040" name="viewStaleHolderList" time="7.198"/>
  <system-out/>
</testsuite> <!-- com.pratian.automation.testclasses.Tc040 -->
