<?xml version="1.0" encoding="UTF-8"?>
<!-- Generated by org.testng.reporters.JUnitReportReporter -->
<testsuite hostname="DESKTOP-C9JH5PO" failures="0" tests="2" name="com.pratian.automation.testclasses.Tc058" time="89.910" errors="0" timestamp="2021-10-17T00:01:37 IST" skipped="0">
  <testcase classname="com.pratian.automation.testclasses.Tc058" name="Login" time="7.744"/>
  <system-out/>
  <testcase classname="com.pratian.automation.testclasses.Tc058" name="vadlidateClientPage" time="82.166"/>
  <system-out/>
</testsuite> <!-- com.pratian.automation.testclasses.Tc058 -->
