<?xml version="1.0" encoding="UTF-8"?>
<!-- Generated by org.testng.reporters.JUnitReportReporter -->
<testsuite hostname="DESKTOP-C9JH5PO" failures="0" tests="2" name="com.pratian.automation.testclasses.OpRunningTc052" time="27.461" errors="0" timestamp="2021-10-16T10:05:41 IST" skipped="0">
  <testcase classname="com.pratian.automation.testclasses.OpRunningTc052" name="Login" time="6.711"/>
  <system-out/>
  <testcase classname="com.pratian.automation.testclasses.OpRunningTc052" name="Button" time="20.750"/>
  <system-out/>
</testsuite> <!-- com.pratian.automation.testclasses.OpRunningTc052 -->
