<?xml version="1.0" encoding="UTF-8"?>
<!-- Generated by org.testng.reporters.JUnitReportReporter -->
<testsuite hostname="DESKTOP-C9JH5PO" failures="0" tests="3" name="com.pratian.automation.testclasses.AddInvalidExternal" time="41.528" errors="0" timestamp="2021-10-17T00:01:37 IST" skipped="0">
  <testcase classname="com.pratian.automation.testclasses.AddInvalidExternal" name="Login" time="6.725"/>
  <system-out/>
  <testcase classname="com.pratian.automation.testclasses.AddInvalidExternal" name="vadlidateClientPage" time="23.284"/>
  <system-out/>
  <testcase classname="com.pratian.automation.testclasses.AddInvalidExternal" name="addInvalidext" time="11.519"/>
  <system-out/>
</testsuite> <!-- com.pratian.automation.testclasses.AddInvalidExternal -->
