<?xml version="1.0" encoding="UTF-8"?>
<!-- Generated by org.testng.reporters.JUnitReportReporter -->
<testsuite hostname="DESKTOP-C9JH5PO" failures="0" tests="3" name="com.pratian.automation.testclasses.AddValidInternal" time="51.530" errors="0" timestamp="2021-10-17T00:01:37 IST" skipped="0">
  <testcase classname="com.pratian.automation.testclasses.AddValidInternal" name="Login" time="7.008"/>
  <system-out/>
  <testcase classname="com.pratian.automation.testclasses.AddValidInternal" name="vadlidateClientPage" time="33.373"/>
  <system-out/>
  <testcase classname="com.pratian.automation.testclasses.AddValidInternal" name="addValidInt" time="11.149"/>
  <system-out/>
</testsuite> <!-- com.pratian.automation.testclasses.AddValidInternal -->
