<?xml version="1.0" encoding="UTF-8"?>
<!-- Generated by org.testng.reporters.JUnitReportReporter -->
<testsuite hostname="DESKTOP-C9JH5PO" failures="0" tests="3" name="com.pratian.automation.testclasses.Tc032" time="46.105" errors="0" timestamp="2021-10-17T00:01:37 IST" skipped="0">
  <testcase classname="com.pratian.automation.testclasses.Tc032" name="Login" time="6.857"/>
  <system-out/>
  <testcase classname="com.pratian.automation.testclasses.Tc032" name="vadlidateClientPage" time="33.093"/>
  <system-out/>
  <testcase classname="com.pratian.automation.testclasses.Tc032" name="selectStakeHolder" time="6.155"/>
  <system-out/>
</testsuite> <!-- com.pratian.automation.testclasses.Tc032 -->
