<?xml version="1.0" encoding="UTF-8"?>
<!-- Generated by org.testng.reporters.JUnitReportReporter -->
<testsuite hostname="DESKTOP-C9JH5PO" failures="0" tests="2" name="com.pratian.automation.testclasses.Supratika" time="32.850" errors="0" timestamp="2021-10-16T12:45:09 IST" skipped="0">
  <testcase classname="com.pratian.automation.testclasses.Supratika" name="Login" time="6.621"/>
  <system-out/>
  <testcase classname="com.pratian.automation.testclasses.Supratika" name="listStakeholders" time="26.229"/>
  <system-out/>
</testsuite> <!-- com.pratian.automation.testclasses.Supratika -->
