<?xml version="1.0" encoding="UTF-8"?>
<!-- Generated by org.testng.reporters.JUnitReportReporter -->
<testsuite hostname="DESKTOP-C9JH5PO" failures="0" tests="2" name="com.pratian.automation.testclasses.RajaShreeAllTestCases" time="46.744" errors="0" timestamp="2021-10-16T13:20:35 IST" skipped="0">
  <testcase classname="com.pratian.automation.testclasses.RajaShreeAllTestCases" name="Login" time="6.570"/>
  <system-out/>
  <testcase classname="com.pratian.automation.testclasses.RajaShreeAllTestCases" name="Linkavalable" time="40.174"/>
  <system-out/>
</testsuite> <!-- com.pratian.automation.testclasses.RajaShreeAllTestCases -->
