<?xml version="1.0" encoding="UTF-8"?>
<!-- Generated by org.testng.reporters.JUnitReportReporter -->
<testsuite hostname="DESKTOP-C9JH5PO" failures="0" tests="2" name="com.pratian.automation.testclasses.LinkAvaibality" time="49.739" errors="0" timestamp="2021-10-17T00:01:37 IST" skipped="0">
  <testcase classname="com.pratian.automation.testclasses.LinkAvaibality" name="Login" time="7.460"/>
  <system-out/>
  <testcase classname="com.pratian.automation.testclasses.LinkAvaibality" name="Linkavalable" time="42.279"/>
  <system-out/>
</testsuite> <!-- com.pratian.automation.testclasses.LinkAvaibality -->
