<?xml version="1.0" encoding="UTF-8"?>
<!-- Generated by org.testng.reporters.JUnitReportReporter -->
<testsuite hostname="DESKTOP-C9JH5PO" failures="0" tests="2" name="com.pratian.automation.testclasses.Tc055" time="31.207" errors="0" timestamp="2021-10-17T00:01:37 IST" skipped="0">
  <testcase classname="com.pratian.automation.testclasses.Tc055" name="Login" time="7.790"/>
  <system-out/>
  <testcase classname="com.pratian.automation.testclasses.Tc055" name="Button" time="23.417"/>
  <system-out/>
</testsuite> <!-- com.pratian.automation.testclasses.Tc055 -->
