<?xml version="1.0" encoding="UTF-8"?>
<!-- Generated by org.testng.reporters.JUnitReportReporter -->
<testsuite hostname="DESKTOP-C9JH5PO" failures="0" tests="2" name="com.pratian.automation.testclasses.Tc021" time="31.772" errors="0" timestamp="2021-10-17T00:01:37 IST" skipped="0">
  <testcase classname="com.pratian.automation.testclasses.Tc021" name="Login" time="6.697"/>
  <system-out/>
  <testcase classname="com.pratian.automation.testclasses.Tc021" name="Button" time="25.075"/>
  <system-out/>
</testsuite> <!-- com.pratian.automation.testclasses.Tc021 -->
