<?xml version="1.0" encoding="UTF-8"?>
<!-- Generated by org.testng.reporters.JUnitReportReporter -->
<testsuite hostname="DESKTOP-C9JH5PO" failures="0" tests="2" name="com.pratian.automation.testclasses.Tc026" time="82.918" errors="0" timestamp="2021-10-17T00:01:36 IST" skipped="0">
  <testcase classname="com.pratian.automation.testclasses.Tc026" name="Login" time="6.768"/>
  <system-out/>
  <testcase classname="com.pratian.automation.testclasses.Tc026" name="vadlidateClientPage" time="76.150"/>
  <system-out/>
</testsuite> <!-- com.pratian.automation.testclasses.Tc026 -->
