<?xml version="1.0" encoding="UTF-8"?>
<!-- Generated by org.testng.reporters.JUnitReportReporter -->
<testsuite hostname="DESKTOP-C9JH5PO" failures="0" tests="2" name="com.pratian.automation.testclasses.Mrudhala" time="155.212" errors="0" timestamp="2021-10-16T12:38:24 IST" skipped="0">
  <testcase classname="com.pratian.automation.testclasses.Mrudhala" name="Login" time="6.707"/>
  <system-out/>
  <testcase classname="com.pratian.automation.testclasses.Mrudhala" name="vadlidateClientPage" time="148.505"/>
  <system-out/>
</testsuite> <!-- com.pratian.automation.testclasses.Mrudhala -->
