<?xml version="1.0" encoding="UTF-8"?>
<!-- Generated by org.testng.reporters.JUnitReportReporter -->
<testsuite hostname="DESKTOP-C9JH5PO" failures="0" tests="3" name="com.pratian.automation.testclasses.Tc031" time="21.351" errors="0" timestamp="2021-10-17T00:01:37 IST" skipped="0">
  <testcase classname="com.pratian.automation.testclasses.Tc031" name="Login" time="6.771"/>
  <system-out/>
  <testcase classname="com.pratian.automation.testclasses.Tc031" name="vadlidateClientPage" time="11.030"/>
  <system-out/>
  <testcase classname="com.pratian.automation.testclasses.Tc031" name="verifyStakeholderAddbtn" time="3.550"/>
  <system-out/>
</testsuite> <!-- com.pratian.automation.testclasses.Tc031 -->
