<?xml version="1.0" encoding="UTF-8"?>
<!-- Generated by org.testng.reporters.JUnitReportReporter -->
<testsuite hostname="DESKTOP-C9JH5PO" failures="0" tests="2" name="com.pratian.automation.testclasses.Addstakeholder" time="78.156" errors="0" timestamp="2021-10-16T14:45:31 IST" skipped="0">
  <testcase classname="com.pratian.automation.testclasses.Addstakeholder" name="Login" time="7.713"/>
  <system-out/>
  <testcase classname="com.pratian.automation.testclasses.Addstakeholder" name="vadlidateClientPage" time="70.443"/>
  <system-out/>
</testsuite> <!-- com.pratian.automation.testclasses.Addstakeholder -->
