<?xml version="1.0" encoding="UTF-8"?>
<!-- Generated by org.testng.reporters.JUnitReportReporter -->
<testsuite hostname="DESKTOP-C9JH5PO" failures="0" tests="3" name="com.pratian.automation.testclasses.Tc039" time="31.713" errors="0" timestamp="2021-10-17T00:01:37 IST" skipped="0">
  <testcase classname="com.pratian.automation.testclasses.Tc039" name="Login" time="6.707"/>
  <system-out/>
  <testcase classname="com.pratian.automation.testclasses.Tc039" name="vadlidateClientPage" time="13.445"/>
  <system-out/>
  <testcase classname="com.pratian.automation.testclasses.Tc039" name="cancelStakeholderEditDetails" time="11.561"/>
  <system-out/>
</testsuite> <!-- com.pratian.automation.testclasses.Tc039 -->
