<?xml version="1.0" encoding="UTF-8"?>
<!-- Generated by org.testng.reporters.JUnitReportReporter -->
<testsuite hostname="DESKTOP-C9JH5PO" failures="0" tests="3" name="com.pratian.automation.testclasses.AddValidExternal" time="55.369" errors="0" timestamp="2021-10-17T00:01:37 IST" skipped="0">
  <testcase classname="com.pratian.automation.testclasses.AddValidExternal" name="Login" time="6.580"/>
  <system-out/>
  <testcase classname="com.pratian.automation.testclasses.AddValidExternal" name="vadlidateClientPage" time="33.257"/>
  <system-out/>
  <testcase classname="com.pratian.automation.testclasses.AddValidExternal" name="addValidext" time="15.532"/>
  <system-out/>
</testsuite> <!-- com.pratian.automation.testclasses.AddValidExternal -->
