<?xml version="1.0" encoding="UTF-8"?>
<!-- Generated by org.testng.reporters.JUnitReportReporter -->
<testsuite hostname="DESKTOP-C9JH5PO" failures="0" tests="2" name="com.pratian.automation.testclasses.RunningTc023" time="41.725" errors="0" timestamp="2021-10-15T22:21:23 IST" skipped="0">
  <testcase classname="com.pratian.automation.testclasses.RunningTc023" name="Login" time="7.115"/>
  <system-out/>
  <testcase classname="com.pratian.automation.testclasses.RunningTc023" name="Button" time="34.610"/>
  <system-out/>
</testsuite> <!-- com.pratian.automation.testclasses.RunningTc023 -->
