<?xml version="1.0" encoding="UTF-8"?>
<!-- Generated by org.testng.reporters.JUnitReportReporter -->
<testsuite hostname="DESKTOP-C9JH5PO" failures="0" tests="3" name="com.pratian.automation.testclasses.Tc048" time="26.629" errors="0" timestamp="2021-10-17T00:01:37 IST" skipped="0">
  <testcase classname="com.pratian.automation.testclasses.Tc048" name="Login" time="6.617"/>
  <system-out/>
  <testcase classname="com.pratian.automation.testclasses.Tc048" name="vadlidateClientPage" time="18.644"/>
  <system-out/>
  <testcase classname="com.pratian.automation.testclasses.Tc048" name="selectStakeHolder" time="1.368"/>
  <system-out/>
</testsuite> <!-- com.pratian.automation.testclasses.Tc048 -->
