<?xml version="1.0" encoding="UTF-8"?>
<!-- Generated by org.testng.reporters.JUnitReportReporter -->
<testsuite hostname="DESKTOP-C9JH5PO" failures="0" tests="1" name="com.pratian.automation.testclasses.CustomerStatus" time="7.062" errors="0" timestamp="2021-10-17T00:01:37 IST" skipped="0">
  <testcase classname="com.pratian.automation.testclasses.CustomerStatus" name="Login" time="7.062"/>
  <system-out/>
</testsuite> <!-- com.pratian.automation.testclasses.CustomerStatus -->
