<?xml version="1.0" encoding="UTF-8"?>
<!-- Generated by org.testng.reporters.JUnitReportReporter -->
<testsuite hostname="DESKTOP-C9JH5PO" failures="0" tests="2" name="com.pratian.automation.testclasses.Tc062" time="61.749" errors="0" timestamp="2021-10-17T00:01:37 IST" skipped="0">
  <testcase classname="com.pratian.automation.testclasses.Tc062" name="Login" time="7.148"/>
  <system-out/>
  <testcase classname="com.pratian.automation.testclasses.Tc062" name="vadlidateClientPage" time="54.601"/>
  <system-out/>
</testsuite> <!-- com.pratian.automation.testclasses.Tc062 -->
